<?xml version="1.0" encoding="UTF-8"?>
<!-- Generated by org.testng.reporters.JUnitXMLReporter -->
<testsuite ignored="2" hostname="GUNGUN" failures="0" tests="4" name="Login Test" time="0.167" errors="0" timestamp="2026-03-20T15:28:28 IRST">
  <testcase classname="ui.Assertion" name="Number1" time="0.015"/>
  <testcase classname="ui.Assertion" name="Number3" time="0.009"/>
  <testcase classname="ui.LoginTest" name="loginTest" time="0.003"/>
  <testcase classname="ui.LoginTest" name="logoutTest" time="0.006"/>
  <testcase classname="ui.Assertion" name="Number2" time="0.0">
    <ignored/>
  </testcase> <!-- Number2 -->
  <testcase classname="ui.Assertion" name="Number4" time="0.0">
    <ignored/>
  </testcase> <!-- Number4 -->
</testsuite> <!-- Login Test -->
