<?xml version="1.0" encoding="UTF-8"?>
<!-- Generated by org.testng.reporters.JUnitXMLReporter -->
<testsuite ignored="2" hostname="GUNGUN" failures="0" tests="2" name="GRP-regression" time="0.118" errors="0" timestamp="2026-03-20T13:44:09 IRST">
  <testcase classname="ui.Assertion" name="Number2" time="0.021"/>
  <testcase classname="ui.Assertion" name="Number4" time="0.003"/>
  <testcase classname="ui.Assertion" name="Number1" time="0.0">
    <ignored/>
  </testcase> <!-- Number1 -->
  <testcase classname="ui.Assertion" name="Number3" time="0.0">
    <ignored/>
  </testcase> <!-- Number3 -->
</testsuite> <!-- GRP-regression -->
