<?xml version="1.0" encoding="UTF-8"?>
<testng-results ignored="0" total="2" passed="2" failed="0" skipped="0">
  <reporter-output>
  </reporter-output>
  <suite started-at="2026-03-21T20:27:47 IRST" name="Default suite" finished-at="2026-03-21T20:27:48 IRST" duration-ms="1529">
    <groups>
    </groups>
    <test started-at="2026-03-21T20:27:47 IRST" name="Default test" finished-at="2026-03-21T20:27:48 IRST" duration-ms="1529">
      <class name="ui.ReportGeneration">
        <test-method is-config="true" signature="setup()[pri:0, instance:ui.ReportGeneration@302552ec]" started-at="2026-03-21T20:27:47 IRST" name="setup" finished-at="2026-03-21T20:27:47 IRST" duration-ms="464" status="PASS">
          <reporter-output>
          </reporter-output>
        </test-method> <!-- setup -->
        <test-method signature="MyFirstTest()[pri:0, instance:ui.ReportGeneration@302552ec]" started-at="2026-03-21T20:27:47 IRST" name="MyFirstTest" finished-at="2026-03-21T20:27:47 IRST" duration-ms="37" status="PASS">
          <reporter-output>
          </reporter-output>
        </test-method> <!-- MyFirstTest -->
        <test-method signature="MySecondTest()[pri:0, instance:ui.ReportGeneration@302552ec]" started-at="2026-03-21T20:27:47 IRST" name="MySecondTest" finished-at="2026-03-21T20:27:47 IRST" duration-ms="3" status="PASS">
          <reporter-output>
          </reporter-output>
        </test-method> <!-- MySecondTest -->
        <test-method is-config="true" signature="tearDown()[pri:0, instance:ui.ReportGeneration@302552ec]" started-at="2026-03-21T20:27:47 IRST" name="tearDown" finished-at="2026-03-21T20:27:48 IRST" duration-ms="881" status="PASS">
          <reporter-output>
          </reporter-output>
        </test-method> <!-- tearDown -->
      </class> <!-- ui.ReportGeneration -->
    </test> <!-- Default test -->
  </suite> <!-- Default suite -->
</testng-results>
