<?xml version="1.0" encoding="UTF-8"?>
<!-- Generated by org.testng.reporters.JUnitXMLReporter -->
<testsuite ignored="0" hostname="GUNGUN" failures="0" tests="4" name="Regression" time="0.018" errors="0" timestamp="2026-03-20T14:34:14 IRST">
  <testcase classname="ui.Assertion" name="Number1" time="0.002"/>
  <testcase classname="ui.Assertion" name="Number2" time="0.001"/>
  <testcase classname="ui.Assertion" name="Number3" time="0.002"/>
  <testcase classname="ui.Assertion" name="Number4" time="0.002"/>
</testsuite> <!-- Regression -->
