<?xml version="1.0" encoding="UTF-8"?>
<!-- Generated by org.testng.reporters.JUnitReportReporter -->
<testsuite hostname="GUNGUN" failures="0" tests="4" name="ui.Assertion" time="0.025" errors="0" timestamp="2026-03-21T16:25:37 IRST" skipped="0">
  <testcase classname="ui.Assertion" name="Number1" time="0.018"/>
  <testcase classname="ui.Assertion" name="Number4" time="0.002"/>
  <testcase classname="ui.Assertion" name="Number2" time="0.003"/>
  <testcase classname="ui.Assertion" name="Number3" time="0.002"/>
</testsuite> <!-- ui.Assertion -->
