<?xml version="1.0" encoding="UTF-8"?>
<!-- Generated by org.testng.reporters.JUnitReportReporter -->
<testsuite hostname="GUNGUN" failures="0" tests="4" name="ui.DatadriTesting" time="29.645" errors="0" timestamp="2026-03-21T12:55:54 IRST" skipped="0">
  <testcase classname="ui.DatadriTesting" name="DataDriven" time="4.176"/>
  <testcase classname="ui.DatadriTesting" name="DataDriven" time="5.158"/>
  <testcase classname="ui.DatadriTesting" name="DataDriven" time="4.075"/>
  <testcase classname="ui.DatadriTesting" name="DataDriven" time="16.236"/>
</testsuite> <!-- ui.DatadriTesting -->
